<?xml version="1.0" encoding="UTF-8"?>
<testsuite name="SILab2Test" tests="2" skipped="0" failures="0" errors="0" timestamp="2024-05-25T23:56:09" hostname="DESKTOP-S1VGRSH" time="0.089">
  <properties/>
  <testcase name="everyBranch()" classname="SILab2Test" time="0.058"/>
  <testcase name="multipleCondition()" classname="SILab2Test" time="0.024"/>
  <system-out><![CDATA[]]></system-out>
  <system-err><![CDATA[]]></system-err>
</testsuite>
